<?xml version="1.0" encoding="UTF-8"?>
<testsuite name="com.compomics.secrete.site.SecreteSiteApplicationTests" time="0.018" tests="1" errors="1" skipped="0" failures="0">
  <properties>
[...]
</properties>
  <testcase name="initializationError" classname="com.compomics.secrete.site.SecreteSiteApplicationTests" time="0.018">
    <error message="Unable to find a @SpringBootConfiguration, you need to use @ContextConfiguration or @SpringBootTest(classes=...) with your test" type="java.lang.IllegalStateException"><![CDATA[java.lang.IllegalStateException: Unable to find a @SpringBootConfiguration, you need to use @ContextConfiguration or @SpringBootTest(classes=...) with your test
	at org.springframework.util.Assert.state(Assert.java:71)
	at org.springframework.boot.test.context.SpringBootTestContextBootstrapper.getOrFindConfigurationClasses(SpringBootTestContextBootstrapper.java:229)
	at org.springframework.boot.test.context.SpringBootTestContextBootstrapper.processMergedContextConfiguration(SpringBootTestContextBootstrapper.java:149)
	at org.springframework.test.context.support.AbstractTestContextBootstrapper.buildMergedContextConfiguration(AbstractTestContextBootstrapper.java:407)
	at org.springframework.test.context.support.AbstractTestContextBootstrapper.buildDefaultMergedContextConfiguration(AbstractTestContextBootstrapper.java:323)
	at org.springframework.test.context.support.AbstractTestContextBootstrapper.buildMergedContextConfiguration(AbstractTestContextBootstrapper.java:277)
	at org.springframework.test.context.support.AbstractTestContextBootstrapper.buildTestContext(AbstractTestContextBootstrapper.java:112)
	at org.springframework.boot.test.context.SpringBootTestContextBootstrapper.buildTestContext(SpringBootTestContextBootstrapper.java:93)
	at org.springframework.test.context.TestContextManager.<init>(TestContextManager.java:135)
	at org.springframework.test.context.TestContextManager.<init>(TestContextManager.java:120)
	at org.springframework.test.context.junit4.SpringJUnit4ClassRunner.createTestContextManager(SpringJUnit4ClassRunner.java:150)
	at org.springframework.test.context.junit4.SpringJUnit4ClassRunner.<init>(SpringJUnit4ClassRunner.java:141)
	at org.springframework.test.context.junit4.SpringRunner.<init>(SpringRunner.java:49)
	at sun.reflect.NativeConstructorAccessorImpl.newInstance0(Native Method)
	at sun.reflect.NativeConstructorAccessorImpl.newInstance(NativeConstructorAccessorImpl.java:62)
	at sun.reflect.DelegatingConstructorAccessorImpl.newInstance(DelegatingConstructorAccessorImpl.java:45)
	at java.lang.reflect.Constructor.newInstance(Constructor.java:423)
	at org.junit.internal.builders.AnnotatedBuilder.buildRunner(AnnotatedBuilder.java:104)
	at org.junit.internal.builders.AnnotatedBuilder.runnerForClass(AnnotatedBuilder.java:86)
	at org.junit.runners.model.RunnerBuilder.safeRunnerForClass(RunnerBuilder.java:59)
	at org.junit.internal.builders.AllDefaultPossibilitiesBuilder.runnerForClass(AllDefaultPossibilitiesBuilder.java:26)
	at org.junit.runners.model.RunnerBuilder.safeRunnerForClass(RunnerBuilder.java:59)
	at org.junit.internal.requests.ClassRequest.getRunner(ClassRequest.java:33)
	at org.apache.maven.surefire.junit4.JUnit4Provider.execute(JUnit4Provider.java:283)
	at org.apache.maven.surefire.junit4.JUnit4Provider.executeWithRerun(JUnit4Provider.java:173)
	at org.apache.maven.surefire.junit4.JUnit4Provider.executeTestSet(JUnit4Provider.java:153)
	at org.apache.maven.surefire.junit4.JUnit4Provider.invoke(JUnit4Provider.java:128)
	at org.apache.maven.surefire.booter.ForkedBooter.invokeProviderInSameClassLoader(ForkedBooter.java:203)
	at org.apache.maven.surefire.booter.ForkedBooter.runSuitesInProcess(ForkedBooter.java:155)
	at org.apache.maven.surefire.booter.ForkedBooter.main(ForkedBooter.java:103)
]]></error>
    <system-out><![CDATA[10:50:47.493 [main] DEBUG org.springframework.test.context.junit4.SpringJUnit4ClassRunner - SpringJUnit4ClassRunner constructor called with [class com.compomics.secrete.site.SecreteSiteApplicationTests]
10:50:47.493 [main] DEBUG org.springframework.test.context.BootstrapUtils - Instantiating CacheAwareContextLoaderDelegate from class [org.springframework.test.context.cache.DefaultCacheAwareContextLoaderDelegate]
10:50:47.524 [main] DEBUG org.springframework.test.context.BootstrapUtils - Instantiating BootstrapContext using constructor [public org.springframework.test.context.support.DefaultBootstrapContext(java.lang.Class,org.springframework.test.context.CacheAwareContextLoaderDelegate)]
10:50:47.640 [main] DEBUG org.springframework.test.context.BootstrapUtils - Instantiating TestContextBootstrapper for test class [com.compomics.secrete.site.SecreteSiteApplicationTests] from class [org.springframework.boot.test.context.SpringBootTestContextBootstrapper]
10:50:47.656 [main] INFO org.springframework.boot.test.context.SpringBootTestContextBootstrapper - Neither @ContextConfiguration nor @ContextHierarchy found for test class [com.compomics.secrete.site.SecreteSiteApplicationTests], using SpringBootContextLoader
10:50:47.671 [main] DEBUG org.springframework.test.context.support.AbstractContextLoader - Did not detect default resource location for test class [com.compomics.secrete.site.SecreteSiteApplicationTests]: class path resource [com/compomics/secrete/site/SecreteSiteApplicationTests-context.xml] does not exist
10:50:47.671 [main] DEBUG org.springframework.test.context.support.AbstractContextLoader - Did not detect default resource location for test class [com.compomics.secrete.site.SecreteSiteApplicationTests]: class path resource [com/compomics/secrete/site/SecreteSiteApplicationTestsContext.groovy] does not exist
10:50:47.671 [main] INFO org.springframework.test.context.support.AbstractContextLoader - Could not detect default resource locations for test class [com.compomics.secrete.site.SecreteSiteApplicationTests]: no resource found for suffixes {-context.xml, Context.groovy}.
10:50:47.671 [main] INFO org.springframework.test.context.support.AnnotationConfigContextLoaderUtils - Could not detect default configuration classes for test class [com.compomics.secrete.site.SecreteSiteApplicationTests]: SecreteSiteApplicationTests does not declare any static, non-private, non-final, nested classes annotated with @Configuration.
10:50:47.771 [main] DEBUG org.springframework.test.context.support.ActiveProfilesUtils - Could not find an 'annotation declaring class' for annotation type [org.springframework.test.context.ActiveProfiles] and class [com.compomics.secrete.site.SecreteSiteApplicationTests]
10:50:47.794 [main] DEBUG org.springframework.core.env.StandardEnvironment - Adding [systemProperties] PropertySource with lowest search precedence
10:50:47.794 [main] DEBUG org.springframework.core.env.StandardEnvironment - Adding [systemEnvironment] PropertySource with lowest search precedence
10:50:47.794 [main] DEBUG org.springframework.core.env.StandardEnvironment - Initialized StandardEnvironment with PropertySources [systemProperties,systemEnvironment]
10:50:47.840 [main] DEBUG org.springframework.core.io.support.PathMatchingResourcePatternResolver - Resolved classpath location [com/compomics/secrete/site/] to resources [URL [file:/C:/Users/demet/projects/secrete-site/target/test-classes/com/compomics/secrete/site/]]
10:50:47.840 [main] DEBUG org.springframework.core.io.support.PathMatchingResourcePatternResolver - Looking for matching resources in directory tree [C:\Users\demet\projects\secrete-site\target\test-classes\com\compomics\secrete\site]
10:50:47.840 [main] DEBUG org.springframework.core.io.support.PathMatchingResourcePatternResolver - Searching directory [C:\Users\demet\projects\secrete-site\target\test-classes\com\compomics\secrete\site] for files matching pattern [C:/Users/demet/projects/secrete-site/target/test-classes/com/compomics/secrete/site/*.class]
10:50:47.856 [main] DEBUG org.springframework.core.io.support.PathMatchingResourcePatternResolver - Resolved location pattern [classpath*:com/compomics/secrete/site/*.class] to resources [file [C:\Users\demet\projects\secrete-site\target\test-classes\com\compomics\secrete\site\SecreteSiteApplicationTests.class]]
10:50:47.894 [main] DEBUG org.springframework.core.io.support.PathMatchingResourcePatternResolver - Resolved classpath location [com/compomics/secrete/] to resources [URL [file:/C:/Users/demet/projects/secrete-site/target/test-classes/com/compomics/secrete/]]
10:50:47.894 [main] DEBUG org.springframework.core.io.support.PathMatchingResourcePatternResolver - Looking for matching resources in directory tree [C:\Users\demet\projects\secrete-site\target\test-classes\com\compomics\secrete]
10:50:47.894 [main] DEBUG org.springframework.core.io.support.PathMatchingResourcePatternResolver - Searching directory [C:\Users\demet\projects\secrete-site\target\test-classes\com\compomics\secrete] for files matching pattern [C:/Users/demet/projects/secrete-site/target/test-classes/com/compomics/secrete/*.class]
10:50:47.894 [main] DEBUG org.springframework.core.io.support.PathMatchingResourcePatternResolver - Resolved location pattern [classpath*:com/compomics/secrete/*.class] to resources []
10:50:47.894 [main] DEBUG org.springframework.core.io.support.PathMatchingResourcePatternResolver - Resolved classpath location [com/compomics/] to resources [URL [file:/C:/Users/demet/projects/secrete-site/target/test-classes/com/compomics/], URL [file:/C:/Users/demet/projects/secrete-site/target/classes/com/compomics/]]
10:50:47.894 [main] DEBUG org.springframework.core.io.support.PathMatchingResourcePatternResolver - Looking for matching resources in directory tree [C:\Users\demet\projects\secrete-site\target\test-classes\com\compomics]
10:50:47.894 [main] DEBUG org.springframework.core.io.support.PathMatchingResourcePatternResolver - Searching directory [C:\Users\demet\projects\secrete-site\target\test-classes\com\compomics] for files matching pattern [C:/Users/demet/projects/secrete-site/target/test-classes/com/compomics/*.class]
10:50:47.894 [main] DEBUG org.springframework.core.io.support.PathMatchingResourcePatternResolver - Looking for matching resources in directory tree [C:\Users\demet\projects\secrete-site\target\classes\com\compomics]
10:50:47.894 [main] DEBUG org.springframework.core.io.support.PathMatchingResourcePatternResolver - Searching directory [C:\Users\demet\projects\secrete-site\target\classes\com\compomics] for files matching pattern [C:/Users/demet/projects/secrete-site/target/classes/com/compomics/*.class]
10:50:47.894 [main] DEBUG org.springframework.core.io.support.PathMatchingResourcePatternResolver - Resolved location pattern [classpath*:com/compomics/*.class] to resources []
10:50:47.894 [main] DEBUG org.springframework.core.io.support.PathMatchingResourcePatternResolver - Resolved classpath location [com/] to resources [URL [file:/C:/Users/demet/projects/secrete-site/target/test-classes/com/], URL [file:/C:/Users/demet/projects/secrete-site/target/classes/com/], URL [jar:file:/C:/Users/demet/.m2/repository/com/fasterxml/classmate/1.3.3/classmate-1.3.3.jar!/com/], URL [jar:file:/C:/Users/demet/.m2/repository/com/fasterxml/jackson/core/jackson-databind/2.9.0.pr2/jackson-databind-2.9.0.pr2.jar!/com/], URL [jar:file:/C:/Users/demet/.m2/repository/com/fasterxml/jackson/core/jackson-core/2.9.0.pr2/jackson-core-2.9.0.pr2.jar!/com/], URL [jar:file:/C:/Users/demet/.m2/repository/com/fasterxml/jackson/core/jackson-annotations/2.9.0.pr2/jackson-annotations-2.9.0.pr2.jar!/com/], URL [jar:file:/C:/Users/demet/.m2/repository/com/fasterxml/jackson/datatype/jackson-datatype-jdk8/2.9.0.pr2/jackson-datatype-jdk8-2.9.0.pr2.jar!/com/], URL [jar:file:/C:/Users/demet/.m2/repository/org/projectlombok/lombok/1.16.16/lombok-1.16.16.jar!/com/], URL [jar:file:/C:/Users/demet/.m2/repository/com/jayway/jsonpath/json-path/2.2.0/json-path-2.2.0.jar!/com/]]
10:50:47.894 [main] DEBUG org.springframework.core.io.support.PathMatchingResourcePatternResolver - Looking for matching resources in directory tree [C:\Users\demet\projects\secrete-site\target\test-classes\com]
10:50:47.894 [main] DEBUG org.springframework.core.io.support.PathMatchingResourcePatternResolver - Searching directory [C:\Users\demet\projects\secrete-site\target\test-classes\com] for files matching pattern [C:/Users/demet/projects/secrete-site/target/test-classes/com/*.class]
10:50:47.894 [main] DEBUG org.springframework.core.io.support.PathMatchingResourcePatternResolver - Looking for matching resources in directory tree [C:\Users\demet\projects\secrete-site\target\classes\com]
10:50:47.894 [main] DEBUG org.springframework.core.io.support.PathMatchingResourcePatternResolver - Searching directory [C:\Users\demet\projects\secrete-site\target\classes\com] for files matching pattern [C:/Users/demet/projects/secrete-site/target/classes/com/*.class]
10:50:47.894 [main] DEBUG org.springframework.core.io.support.PathMatchingResourcePatternResolver - Looking for matching resources in jar file [file:/C:/Users/demet/.m2/repository/com/fasterxml/classmate/1.3.3/classmate-1.3.3.jar]
10:50:47.910 [main] DEBUG org.springframework.core.io.support.PathMatchingResourcePatternResolver - Looking for matching resources in jar file [file:/C:/Users/demet/.m2/repository/com/fasterxml/jackson/core/jackson-databind/2.9.0.pr2/jackson-databind-2.9.0.pr2.jar]
10:50:47.925 [main] DEBUG org.springframework.core.io.support.PathMatchingResourcePatternResolver - Looking for matching resources in jar file [file:/C:/Users/demet/.m2/repository/com/fasterxml/jackson/core/jackson-core/2.9.0.pr2/jackson-core-2.9.0.pr2.jar]
10:50:47.925 [main] DEBUG org.springframework.core.io.support.PathMatchingResourcePatternResolver - Looking for matching resources in jar file [file:/C:/Users/demet/.m2/repository/com/fasterxml/jackson/core/jackson-annotations/2.9.0.pr2/jackson-annotations-2.9.0.pr2.jar]
10:50:47.925 [main] DEBUG org.springframework.core.io.support.PathMatchingResourcePatternResolver - Looking for matching resources in jar file [file:/C:/Users/demet/.m2/repository/com/fasterxml/jackson/datatype/jackson-datatype-jdk8/2.9.0.pr2/jackson-datatype-jdk8-2.9.0.pr2.jar]
10:50:47.941 [main] DEBUG org.springframework.core.io.support.PathMatchingResourcePatternResolver - Looking for matching resources in jar file [file:/C:/Users/demet/.m2/repository/org/projectlombok/lombok/1.16.16/lombok-1.16.16.jar]
10:50:47.941 [main] DEBUG org.springframework.core.io.support.PathMatchingResourcePatternResolver - Looking for matching resources in jar file [file:/C:/Users/demet/.m2/repository/com/jayway/jsonpath/json-path/2.2.0/json-path-2.2.0.jar]
10:50:47.941 [main] DEBUG org.springframework.core.io.support.PathMatchingResourcePatternResolver - Resolved location pattern [classpath*:com/*.class] to resources []
10:50:47.956 [main] DEBUG org.springframework.test.context.junit4.SpringJUnit4ClassRunner - SpringJUnit4ClassRunner constructor called with [class com.compomics.secrete.site.SecreteSiteApplicationTests]
10:50:47.956 [main] DEBUG org.springframework.test.context.BootstrapUtils - Instantiating CacheAwareContextLoaderDelegate from class [org.springframework.test.context.cache.DefaultCacheAwareContextLoaderDelegate]
10:50:47.956 [main] DEBUG org.springframework.test.context.BootstrapUtils - Instantiating BootstrapContext using constructor [public org.springframework.test.context.support.DefaultBootstrapContext(java.lang.Class,org.springframework.test.context.CacheAwareContextLoaderDelegate)]
10:50:47.956 [main] DEBUG org.springframework.test.context.BootstrapUtils - Instantiating TestContextBootstrapper for test class [com.compomics.secrete.site.SecreteSiteApplicationTests] from class [org.springframework.boot.test.context.SpringBootTestContextBootstrapper]
10:50:47.956 [main] INFO org.springframework.boot.test.context.SpringBootTestContextBootstrapper - Neither @ContextConfiguration nor @ContextHierarchy found for test class [com.compomics.secrete.site.SecreteSiteApplicationTests], using SpringBootContextLoader
10:50:47.972 [main] DEBUG org.springframework.test.context.support.AbstractContextLoader - Did not detect default resource location for test class [com.compomics.secrete.site.SecreteSiteApplicationTests]: class path resource [com/compomics/secrete/site/SecreteSiteApplicationTests-context.xml] does not exist
10:50:47.972 [main] DEBUG org.springframework.test.context.support.AbstractContextLoader - Did not detect default resource location for test class [com.compomics.secrete.site.SecreteSiteApplicationTests]: class path resource [com/compomics/secrete/site/SecreteSiteApplicationTestsContext.groovy] does not exist
10:50:47.980 [main] INFO org.springframework.test.context.support.AbstractContextLoader - Could not detect default resource locations for test class [com.compomics.secrete.site.SecreteSiteApplicationTests]: no resource found for suffixes {-context.xml, Context.groovy}.
10:50:47.981 [main] INFO org.springframework.test.context.support.AnnotationConfigContextLoaderUtils - Could not detect default configuration classes for test class [com.compomics.secrete.site.SecreteSiteApplicationTests]: SecreteSiteApplicationTests does not declare any static, non-private, non-final, nested classes annotated with @Configuration.
10:50:48.054 [main] DEBUG org.springframework.test.context.support.ActiveProfilesUtils - Could not find an 'annotation declaring class' for annotation type [org.springframework.test.context.ActiveProfiles] and class [com.compomics.secrete.site.SecreteSiteApplicationTests]
10:50:48.054 [main] DEBUG org.springframework.core.env.StandardEnvironment - Adding [systemProperties] PropertySource with lowest search precedence
10:50:48.054 [main] DEBUG org.springframework.core.env.StandardEnvironment - Adding [systemEnvironment] PropertySource with lowest search precedence
10:50:48.054 [main] DEBUG org.springframework.core.env.StandardEnvironment - Initialized StandardEnvironment with PropertySources [systemProperties,systemEnvironment]
10:50:48.058 [main] DEBUG org.springframework.core.io.support.PathMatchingResourcePatternResolver - Resolved classpath location [com/compomics/secrete/site/] to resources [URL [file:/C:/Users/demet/projects/secrete-site/target/test-classes/com/compomics/secrete/site/]]
10:50:48.058 [main] DEBUG org.springframework.core.io.support.PathMatchingResourcePatternResolver - Looking for matching resources in directory tree [C:\Users\demet\projects\secrete-site\target\test-classes\com\compomics\secrete\site]
10:50:48.058 [main] DEBUG org.springframework.core.io.support.PathMatchingResourcePatternResolver - Searching directory [C:\Users\demet\projects\secrete-site\target\test-classes\com\compomics\secrete\site] for files matching pattern [C:/Users/demet/projects/secrete-site/target/test-classes/com/compomics/secrete/site/*.class]
10:50:48.063 [main] DEBUG org.springframework.core.io.support.PathMatchingResourcePatternResolver - Resolved location pattern [classpath*:com/compomics/secrete/site/*.class] to resources [file [C:\Users\demet\projects\secrete-site\target\test-classes\com\compomics\secrete\site\SecreteSiteApplicationTests.class]]
10:50:48.063 [main] DEBUG org.springframework.core.io.support.PathMatchingResourcePatternResolver - Resolved classpath location [com/compomics/secrete/] to resources [URL [file:/C:/Users/demet/projects/secrete-site/target/test-classes/com/compomics/secrete/]]
10:50:48.063 [main] DEBUG org.springframework.core.io.support.PathMatchingResourcePatternResolver - Looking for matching resources in directory tree [C:\Users\demet\projects\secrete-site\target\test-classes\com\compomics\secrete]
10:50:48.063 [main] DEBUG org.springframework.core.io.support.PathMatchingResourcePatternResolver - Searching directory [C:\Users\demet\projects\secrete-site\target\test-classes\com\compomics\secrete] for files matching pattern [C:/Users/demet/projects/secrete-site/target/test-classes/com/compomics/secrete/*.class]
10:50:48.063 [main] DEBUG org.springframework.core.io.support.PathMatchingResourcePatternResolver - Resolved location pattern [classpath*:com/compomics/secrete/*.class] to resources []
10:50:48.063 [main] DEBUG org.springframework.core.io.support.PathMatchingResourcePatternResolver - Resolved classpath location [com/compomics/] to resources [URL [file:/C:/Users/demet/projects/secrete-site/target/test-classes/com/compomics/], URL [file:/C:/Users/demet/projects/secrete-site/target/classes/com/compomics/]]
10:50:48.063 [main] DEBUG org.springframework.core.io.support.PathMatchingResourcePatternResolver - Looking for matching resources in directory tree [C:\Users\demet\projects\secrete-site\target\test-classes\com\compomics]
10:50:48.063 [main] DEBUG org.springframework.core.io.support.PathMatchingResourcePatternResolver - Searching directory [C:\Users\demet\projects\secrete-site\target\test-classes\com\compomics] for files matching pattern [C:/Users/demet/projects/secrete-site/target/test-classes/com/compomics/*.class]
10:50:48.063 [main] DEBUG org.springframework.core.io.support.PathMatchingResourcePatternResolver - Looking for matching resources in directory tree [C:\Users\demet\projects\secrete-site\target\classes\com\compomics]
10:50:48.063 [main] DEBUG org.springframework.core.io.support.PathMatchingResourcePatternResolver - Searching directory [C:\Users\demet\projects\secrete-site\target\classes\com\compomics] for files matching pattern [C:/Users/demet/projects/secrete-site/target/classes/com/compomics/*.class]
10:50:48.063 [main] DEBUG org.springframework.core.io.support.PathMatchingResourcePatternResolver - Resolved location pattern [classpath*:com/compomics/*.class] to resources []
10:50:48.063 [main] DEBUG org.springframework.core.io.support.PathMatchingResourcePatternResolver - Resolved classpath location [com/] to resources [URL [file:/C:/Users/demet/projects/secrete-site/target/test-classes/com/], URL [file:/C:/Users/demet/projects/secrete-site/target/classes/com/], URL [jar:file:/C:/Users/demet/.m2/repository/com/fasterxml/classmate/1.3.3/classmate-1.3.3.jar!/com/], URL [jar:file:/C:/Users/demet/.m2/repository/com/fasterxml/jackson/core/jackson-databind/2.9.0.pr2/jackson-databind-2.9.0.pr2.jar!/com/], URL [jar:file:/C:/Users/demet/.m2/repository/com/fasterxml/jackson/core/jackson-core/2.9.0.pr2/jackson-core-2.9.0.pr2.jar!/com/], URL [jar:file:/C:/Users/demet/.m2/repository/com/fasterxml/jackson/core/jackson-annotations/2.9.0.pr2/jackson-annotations-2.9.0.pr2.jar!/com/], URL [jar:file:/C:/Users/demet/.m2/repository/com/fasterxml/jackson/datatype/jackson-datatype-jdk8/2.9.0.pr2/jackson-datatype-jdk8-2.9.0.pr2.jar!/com/], URL [jar:file:/C:/Users/demet/.m2/repository/org/projectlombok/lombok/1.16.16/lombok-1.16.16.jar!/com/], URL [jar:file:/C:/Users/demet/.m2/repository/com/jayway/jsonpath/json-path/2.2.0/json-path-2.2.0.jar!/com/]]
10:50:48.091 [main] DEBUG org.springframework.core.io.support.PathMatchingResourcePatternResolver - Looking for matching resources in directory tree [C:\Users\demet\projects\secrete-site\target\test-classes\com]
10:50:48.092 [main] DEBUG org.springframework.core.io.support.PathMatchingResourcePatternResolver - Searching directory [C:\Users\demet\projects\secrete-site\target\test-classes\com] for files matching pattern [C:/Users/demet/projects/secrete-site/target/test-classes/com/*.class]
10:50:48.093 [main] DEBUG org.springframework.core.io.support.PathMatchingResourcePatternResolver - Looking for matching resources in directory tree [C:\Users\demet\projects\secrete-site\target\classes\com]
10:50:48.093 [main] DEBUG org.springframework.core.io.support.PathMatchingResourcePatternResolver - Searching directory [C:\Users\demet\projects\secrete-site\target\classes\com] for files matching pattern [C:/Users/demet/projects/secrete-site/target/classes/com/*.class]
10:50:48.100 [main] DEBUG org.springframework.core.io.support.PathMatchingResourcePatternResolver - Looking for matching resources in jar file [file:/C:/Users/demet/.m2/repository/com/fasterxml/classmate/1.3.3/classmate-1.3.3.jar]
10:50:48.127 [main] DEBUG org.springframework.core.io.support.PathMatchingResourcePatternResolver - Looking for matching resources in jar file [file:/C:/Users/demet/.m2/repository/com/fasterxml/jackson/core/jackson-databind/2.9.0.pr2/jackson-databind-2.9.0.pr2.jar]
10:50:48.138 [main] DEBUG org.springframework.core.io.support.PathMatchingResourcePatternResolver - Looking for matching resources in jar file [file:/C:/Users/demet/.m2/repository/com/fasterxml/jackson/core/jackson-core/2.9.0.pr2/jackson-core-2.9.0.pr2.jar]
10:50:48.156 [main] DEBUG org.springframework.core.io.support.PathMatchingResourcePatternResolver - Looking for matching resources in jar file [file:/C:/Users/demet/.m2/repository/com/fasterxml/jackson/core/jackson-annotations/2.9.0.pr2/jackson-annotations-2.9.0.pr2.jar]
10:50:48.158 [main] DEBUG org.springframework.core.io.support.PathMatchingResourcePatternResolver - Looking for matching resources in jar file [file:/C:/Users/demet/.m2/repository/com/fasterxml/jackson/datatype/jackson-datatype-jdk8/2.9.0.pr2/jackson-datatype-jdk8-2.9.0.pr2.jar]
10:50:48.158 [main] DEBUG org.springframework.core.io.support.PathMatchingResourcePatternResolver - Looking for matching resources in jar file [file:/C:/Users/demet/.m2/repository/org/projectlombok/lombok/1.16.16/lombok-1.16.16.jar]
10:50:48.162 [main] DEBUG org.springframework.core.io.support.PathMatchingResourcePatternResolver - Looking for matching resources in jar file [file:/C:/Users/demet/.m2/repository/com/jayway/jsonpath/json-path/2.2.0/json-path-2.2.0.jar]
10:50:48.164 [main] DEBUG org.springframework.core.io.support.PathMatchingResourcePatternResolver - Resolved location pattern [classpath*:com/*.class] to resources []
]]></system-out>
  </testcase>
</testsuite>